-- Installing devel-space wrapper /root/ros_catkin_ws/src/ros_comm/topic_tools/scripts/mux_delete to /root/ros_catkin_ws/src/ros_comm/topic_tools/.obj-aarch64-linux-gnu/devel/lib/topic_tools
-- Installing devel-space wrapper /root/ros_catkin_ws/src/ros_comm/topic_tools/scripts/mux_list to /root/ros_catkin_ws/src/ros_comm/topic_tools/.obj-aarch64-linux-gnu/devel/lib/topic_tools
-- Installing devel-space wrapper /root/ros_catkin_ws/src/ros_comm/topic_tools/scripts/mux_select to /root/ros_catkin_ws/src/ros_comm/topic_tools/.obj-aarch64-linux-gnu/devel/lib/topic_tools
-- Installing devel-space wrapper /root/ros_catkin_ws/src/ros_comm/topic_tools/scripts/relay_field to /root/ros_catkin_ws/src/ros_comm/topic_tools/.obj-aarch64-linux-gnu/devel/lib/topic_tools
-- Installing devel-space wrapper /root/ros_catkin_ws/src/ros_comm/topic_tools/scripts/transform to /root/ros_catkin_ws/src/ros_comm/topic_tools/.obj-aarch64-linux-gnu/devel/lib/topic_tools
CMake Warning at CMakeLists.txt:83 (find_package):
  By not providing "Findrostest.cmake" in CMAKE_MODULE_PATH this project has
  asked CMake to find a package configuration file provided by "rostest", but
  CMake did not find one.

  Could not find a package configuration file provided by "rostest" with any
  of the following names:

    rostestConfig.cmake
    rostest-config.cmake

  Add the installation prefix of "rostest" to CMAKE_PREFIX_PATH or set
  "rostest_DIR" to a directory containing one of the above files.  If
  "rostest" provides a separate development package or SDK, be sure it has
  been installed.


CMake Error at CMakeLists.txt:99 (add_rostest):
  Unknown CMake command "add_rostest".


-- Configuring incomplete, errors occurred!
See also "/root/ros_catkin_ws/src/ros_comm/topic_tools/.obj-aarch64-linux-gnu/CMakeFiles/CMakeOutput.log".
	cd .obj-aarch64-linux-gnu && tail -v -n \+0 CMakeCache.txt
==> CMakeCache.txt <==
# This is the CMakeCache file.
# For build in directory: /root/ros_catkin_ws/src/ros_comm/topic_tools/.obj-aarch64-linux-gnu
# It was generated by CMake: /usr/bin/cmake
